2025-07-02 07:51:17,774 - INFO - Build process started - Log file: logs\build_20250702_075117.log
2025-07-02 07:51:17,808 - INFO - Platform: Windows 11
2025-07-02 07:51:17,808 - INFO - Python: 3.13.5 (tags/v3.13.5:6cb20a2, Jun 11 2025, 16:15:46) [MSC v.1943 64 bit (AMD64)]
2025-07-02 07:51:17,808 - INFO - Initializing pyinstaller build system
2025-07-02 07:51:17,809 - INFO - Debug mode: False
2025-07-02 07:51:17,809 - INFO - Starting pyinstaller build process...
2025-07-02 07:51:17,809 - INFO - Checking build dependencies...
2025-07-02 07:51:17,810 - INFO - Installing pyinstaller>=5.0...
2025-07-02 07:51:19,267 - INFO - Successfully installed pyinstaller>=5.0
2025-07-02 07:51:20,150 - INFO - Installing pillow>=9.0.0...
2025-07-02 07:51:21,452 - INFO - Successfully installed pillow>=9.0.0
2025-07-02 07:51:23,317 - INFO - All dependencies checked successfully
2025-07-02 07:51:23,317 - INFO - Validating source code...
2025-07-02 07:51:23,317 - INFO - Source validation completed
2025-07-02 07:51:23,318 - INFO - Cleaning previous build artifacts...
2025-07-02 07:51:23,319 - INFO - Starting PyInstaller build...
2025-07-02 07:51:23,319 - INFO - Generated spec file: C:\Users\LCOM\Desktop\Github\FFPGA\fancyFFPGA\Enhanced_Fractal_Visualizer.spec
2025-07-02 07:51:23,319 - INFO - PyInstaller command: pyinstaller --name Enhanced_Fractal_Visualizer --onefile --windowed --icon --add-data --hidden-import customtkinter --hidden-import PIL._tkinter_finder --collect-submodules customtkinter --collect-data customtkinter --noconsole fancyFractal.py
2025-07-02 07:51:25,983 - ERROR - PyInstaller build failed
2025-07-02 07:51:25,984 - INFO - Build output:
2025-07-02 07:51:25,984 - INFO -   1213 INFO: PyInstaller: 6.14.1, contrib hooks: 2025.5
2025-07-02 07:51:25,984 - INFO -   1214 INFO: Python: 3.13.5
2025-07-02 07:51:25,984 - INFO -   1248 INFO: Platform: Windows-11-10.0.22621-SP0
2025-07-02 07:51:25,985 - INFO -   1248 INFO: Python environment: C:\Users\LCOM\Desktop\Github\FFPGA\fancyFFPGA\venv
2025-07-02 07:51:25,985 - INFO -   1384 INFO: Module search paths (PYTHONPATH):
2025-07-02 07:51:25,985 - INFO -   ['C:\\Users\\LCOM\\Desktop\\Github\\FFPGA\\fancyFFPGA\\venv\\Scripts\\pyinstaller.exe',
2025-07-02 07:51:25,985 - INFO -    'C:\\Program '
2025-07-02 07:51:25,985 - INFO -    'Files\\WindowsApps\\PythonSoftwareFoundation.Python.3.13_3.13.1520.0_x64__qbz5n2kfra8p0\\python313.zip',
2025-07-02 07:51:25,985 - INFO -    'C:\\Program '
2025-07-02 07:51:25,986 - INFO -    'Files\\WindowsApps\\PythonSoftwareFoundation.Python.3.13_3.13.1520.0_x64__qbz5n2kfra8p0\\DLLs',
2025-07-02 07:51:25,986 - INFO -    'C:\\Program '
2025-07-02 07:51:25,986 - INFO -    'Files\\WindowsApps\\PythonSoftwareFoundation.Python.3.13_3.13.1520.0_x64__qbz5n2kfra8p0\\Lib',
2025-07-02 07:51:25,986 - INFO -    'C:\\Program '
2025-07-02 07:51:25,986 - INFO -    'Files\\WindowsApps\\PythonSoftwareFoundation.Python.3.13_3.13.1520.0_x64__qbz5n2kfra8p0',
2025-07-02 07:51:25,987 - INFO -    'C:\\Users\\LCOM\\Desktop\\Github\\FFPGA\\fancyFFPGA\\venv',
2025-07-02 07:51:25,987 - INFO -    'C:\\Users\\LCOM\\Desktop\\Github\\FFPGA\\fancyFFPGA\\venv\\Lib\\site-packages',
2025-07-02 07:51:25,987 - INFO -    'C:\\Users\\LCOM\\Desktop\\Github\\FFPGA\\fancyFFPGA\\venv\\Lib\\site-packages\\win32',
2025-07-02 07:51:25,987 - INFO -    'C:\\Users\\LCOM\\Desktop\\Github\\FFPGA\\fancyFFPGA\\venv\\Lib\\site-packages\\win32\\lib',
2025-07-02 07:51:25,987 - INFO -    'C:\\Users\\LCOM\\Desktop\\Github\\FFPGA\\fancyFFPGA\\venv\\Lib\\site-packages\\Pythonwin',
2025-07-02 07:51:25,987 - INFO -    'C:\\Users\\LCOM\\Desktop\\Github\\FFPGA\\fancyFFPGA\\venv\\Lib\\site-packages\\setuptools\\_vendor',
2025-07-02 07:51:25,987 - INFO -    'C:\\Users\\LCOM\\Desktop\\Github\\FFPGA\\fancyFFPGA']
2025-07-02 07:51:25,987 - INFO -   1954 INFO: Appending 'datas' from .spec
2025-07-02 07:51:25,988 - INFO -   Traceback (most recent call last):
2025-07-02 07:51:25,988 - INFO -     File "<frozen runpy>", line 198, in _run_module_as_main
2025-07-02 07:51:25,988 - INFO -     File "<frozen runpy>", line 88, in _run_code
2025-07-02 07:51:25,988 - INFO -     File "C:\Users\LCOM\Desktop\Github\FFPGA\fancyFFPGA\venv\Scripts\pyinstaller.exe\__main__.py", line 7, in <module>
2025-07-02 07:51:25,988 - INFO -       sys.exit(_console_script_run())
2025-07-02 07:51:25,988 - INFO -                ~~~~~~~~~~~~~~~~~~~^^
2025-07-02 07:51:25,988 - INFO -     File "C:\Users\LCOM\Desktop\Github\FFPGA\fancyFFPGA\venv\Lib\site-packages\PyInstaller\__main__.py", line 231, in _console_script_run
2025-07-02 07:51:25,989 - INFO -       run()
2025-07-02 07:51:25,989 - INFO -       ~~~^^
2025-07-02 07:51:25,989 - INFO -     File "C:\Users\LCOM\Desktop\Github\FFPGA\fancyFFPGA\venv\Lib\site-packages\PyInstaller\__main__.py", line 215, in run
2025-07-02 07:51:25,989 - INFO -       run_build(pyi_config, spec_file, **vars(args))
2025-07-02 07:51:25,989 - INFO -       ~~~~~~~~~^^^^^^^^^^^^^^^^^^^^^^^^^^^^^^^^^^^^^
2025-07-02 07:51:25,989 - INFO -     File "C:\Users\LCOM\Desktop\Github\FFPGA\fancyFFPGA\venv\Lib\site-packages\PyInstaller\__main__.py", line 70, in run_build
2025-07-02 07:51:25,989 - INFO -       PyInstaller.building.build_main.main(pyi_config, spec_file, **kwargs)
2025-07-02 07:51:25,989 - INFO -       ~~~~~~~~~~~~~~~~~~~~~~~~~~~~~~~~~~~~^^^^^^^^^^^^^^^^^^^^^^^^^^^^^^^^^
2025-07-02 07:51:25,990 - INFO -     File "C:\Users\LCOM\Desktop\Github\FFPGA\fancyFFPGA\venv\Lib\site-packages\PyInstaller\building\build_main.py", line 1282, in main
2025-07-02 07:51:25,990 - INFO -       build(specfile, distpath, workpath, clean_build)
2025-07-02 07:51:25,990 - INFO -       ~~~~~^^^^^^^^^^^^^^^^^^^^^^^^^^^^^^^^^^^^^^^^^^^
2025-07-02 07:51:25,990 - INFO -     File "C:\Users\LCOM\Desktop\Github\FFPGA\fancyFFPGA\venv\Lib\site-packages\PyInstaller\building\build_main.py", line 1220, in build
2025-07-02 07:51:25,990 - INFO -       exec(code, spec_namespace)
2025-07-02 07:51:25,990 - INFO -       ~~~~^^^^^^^^^^^^^^^^^^^^^^
2025-07-02 07:51:25,990 - INFO -     File "C:\Users\LCOM\Desktop\Github\FFPGA\fancyFFPGA\Enhanced_Fractal_Visualizer.spec", line 5, in <module>
2025-07-02 07:51:25,991 - INFO -       a = Analysis(
2025-07-02 07:51:25,991 - INFO -           ['fancyFractal.py'],
2025-07-02 07:51:25,991 - INFO -       ...<22 lines>...
2025-07-02 07:51:25,991 - INFO -           noarchive=False,
2025-07-02 07:51:25,991 - INFO -       )
2025-07-02 07:51:25,991 - INFO -     File "C:\Users\LCOM\Desktop\Github\FFPGA\fancyFFPGA\venv\Lib\site-packages\PyInstaller\building\build_main.py", line 581, in __init__
2025-07-02 07:51:25,991 - INFO -       for dest_name, src_name in format_binaries_and_datas(datas, workingdir=spec_dir)]
2025-07-02 07:51:25,992 - INFO -                                  ~~~~~~~~~~~~~~~~~~~~~~~~~^^^^^^^^^^^^^^^^^^^^^^^^^^^^
2025-07-02 07:51:25,992 - INFO -     File "C:\Users\LCOM\Desktop\Github\FFPGA\fancyFFPGA\venv\Lib\site-packages\PyInstaller\building\utils.py", line 470, in format_binaries_and_datas
2025-07-02 07:51:25,992 - INFO -       for src_root_path_or_glob, trg_root_dir in binaries_or_datas:
2025-07-02 07:51:25,992 - INFO -           ^^^^^^^^^^^^^^^^^^^^^^^^^^^^^^^^^^^
2025-07-02 07:51:25,992 - INFO -   TypeError: cannot unpack non-iterable NoneType object
2025-07-02 07:51:25,992 - ERROR - Build process failed!
