2025-08-18 14:11:17,418 - INFO - Started fractal generation session: 256x256 (65536 pixels)
2025-08-18 14:11:17,489 - INFO - Progress: 100.0% (65536 pixels, 0.1s elapsed, calculating...)
2025-08-18 14:11:39,967 - INFO - Started fractal generation session: 256x256 (65536 pixels)
2025-08-18 14:11:40,034 - INFO - Progress: 100.0% (65536 pixels, 0.1s elapsed, calculating...)
2025-08-18 14:11:57,228 - INFO - Started fractal generation session: 1280x720 (921600 pixels)
2025-08-18 14:11:57,497 - INFO - Progress: 100.0% (921600 pixels, 0.3s elapsed, calculating...)
2025-08-18 14:11:59,328 - INFO - Started fractal generation session: 1920x1080 (2073600 pixels)
2025-08-18 14:11:59,884 - INFO - Progress: 100.0% (2073600 pixels, 0.6s elapsed, calculating...)
2025-08-18 14:12:30,311 - INFO - Application closing
2025-08-18 14:12:51,301 - INFO - Started fractal generation session: 256x256 (65536 pixels)
2025-08-18 14:12:51,387 - INFO - Progress: 100.0% (65536 pixels, 0.1s elapsed, calculating...)
2025-08-18 14:12:52,980 - INFO - Started fractal generation session: 1920x1080 (2073600 pixels)
2025-08-18 14:12:53,540 - INFO - Progress: 100.0% (2073600 pixels, 0.6s elapsed, calculating...)
2025-08-18 14:14:41,361 - INFO - Application closing
2025-08-18 14:15:52,872 - INFO - Started fractal generation session: 1920x1080 (2073600 pixels)
2025-08-18 14:15:53,440 - INFO - Progress: 100.0% (2073600 pixels, 0.6s elapsed, calculating...)
2025-08-18 14:15:56,360 - INFO - Image saved: C:\Users\LCOM\Documents\Github\FFPGA\fancyFFPGA\fractal_1920x1080_cosmic_20250818_141554.png
2025-08-18 14:16:10,309 - INFO - Application closing
2025-08-18 14:20:16,446 - INFO - Started fractal generation session: 256x256 (65536 pixels)
2025-08-18 14:20:16,509 - INFO - Progress: 100.0% (65536 pixels, 0.1s elapsed, calculating...)
2025-08-18 14:20:28,324 - INFO - Started fractal generation session: 1920x1080 (2073600 pixels)
2025-08-18 14:20:28,874 - INFO - Progress: 100.0% (2073600 pixels, 0.5s elapsed, calculating...)
2025-08-18 14:21:38,304 - INFO - Image saved: C:\Users\LCOM\Documents\Github\FFPGA\fancyFFPGA\fractal_1920x1080_nebula_20250818_142135.png
